{"C:\\Users\\Sine\\Documents\\alu s\\mini-api\\server.js": {"path":"C:\\Users\\Sine\\Documents\\alu s\\mini-api\\server.js","statementMap":{"0":{"start":{"line":1,"column":0},"end":{"line":1,"column":27}},"1":{"start":{"line":2,"column":16},"end":{"line":2,"column":34}},"2":{"start":{"line":3,"column":17},"end":{"line":3,"column":36}},"3":{"start":{"line":4,"column":13},"end":{"line":4,"column":28}},"4":{"start":{"line":5,"column":15},"end":{"line":5,"column":32}},"5":{"start":{"line":6,"column":15},"end":{"line":6,"column":32}},"6":{"start":{"line":7,"column":18},"end":{"line":7,"column":47}},"7":{"start":{"line":8,"column":13},"end":{"line":8,"column":30}},"8":{"start":{"line":9,"column":24},"end":{"line":9,"column":56}},"9":{"start":{"line":11,"column":12},"end":{"line":11,"column":21}},"10":{"start":{"line":14,"column":0},"end":{"line":17,"column":1}},"11":{"start":{"line":15,"column":2},"end":{"line":15,"column":61}},"12":{"start":{"line":16,"column":2},"end":{"line":16,"column":18}},"13":{"start":{"line":20,"column":0},"end":{"line":20,"column":24}},"14":{"start":{"line":21,"column":0},"end":{"line":21,"column":16}},"15":{"start":{"line":22,"column":0},"end":{"line":22,"column":18}},"16":{"start":{"line":23,"column":0},"end":{"line":23,"column":23}},"17":{"start":{"line":26,"column":22},"end":{"line":26,"column":55}},"18":{"start":{"line":27,"column":23},"end":{"line":27,"column":57}},"19":{"start":{"line":30,"column":0},"end":{"line":30,"column":40}},"20":{"start":{"line":31,"column":0},"end":{"line":31,"column":43}},"21":{"start":{"line":32,"column":0},"end":{"line":32,"column":72}},"22":{"start":{"line":35,"column":0},"end":{"line":37,"column":3}},"23":{"start":{"line":36,"column":2},"end":{"line":36,"column":58}},"24":{"start":{"line":40,"column":0},"end":{"line":42,"column":3}},"25":{"start":{"line":41,"column":2},"end":{"line":41,"column":55}},"26":{"start":{"line":45,"column":0},"end":{"line":48,"column":3}},"27":{"start":{"line":46,"column":2},"end":{"line":46,"column":27}},"28":{"start":{"line":47,"column":2},"end":{"line":47,"column":61}},"29":{"start":{"line":50,"column":13},"end":{"line":50,"column":37}},"30":{"start":{"line":51,"column":15},"end":{"line":51,"column":84}},"31":{"start":{"line":51,"column":38},"end":{"line":51,"column":83}},"32":{"start":{"line":54,"column":18},"end":{"line":67,"column":1}},"33":{"start":{"line":55,"column":2},"end":{"line":66,"column":3}},"34":{"start":{"line":56,"column":4},"end":{"line":56,"column":50}},"35":{"start":{"line":57,"column":4},"end":{"line":57,"column":43}},"36":{"start":{"line":59,"column":4},"end":{"line":65,"column":5}},"37":{"start":{"line":60,"column":6},"end":{"line":60,"column":87}},"38":{"start":{"line":61,"column":6},"end":{"line":61,"column":53}},"39":{"start":{"line":61,"column":23},"end":{"line":61,"column":45}},"40":{"start":{"line":63,"column":6},"end":{"line":63,"column":58}},"41":{"start":{"line":64,"column":6},"end":{"line":64,"column":22}},"42":{"start":{"line":69,"column":0},"end":{"line":69,"column":12}},"43":{"start":{"line":72,"column":0},"end":{"line":80,"column":3}},"44":{"start":{"line":73,"column":2},"end":{"line":73,"column":60}},"45":{"start":{"line":74,"column":2},"end":{"line":79,"column":5}},"46":{"start":{"line":75,"column":4},"end":{"line":78,"column":7}},"47":{"start":{"line":76,"column":6},"end":{"line":76,"column":48}},"48":{"start":{"line":77,"column":6},"end":{"line":77,"column":22}},"49":{"start":{"line":83,"column":0},"end":{"line":86,"column":3}},"50":{"start":{"line":84,"column":2},"end":{"line":84,"column":53}},"51":{"start":{"line":85,"column":2},"end":{"line":85,"column":38}},"52":{"start":{"line":85,"column":21},"end":{"line":85,"column":36}}},"fnMap":{"0":{"name":"(anonymous_0)","decl":{"start":{"line":35,"column":13},"end":{"line":35,"column":14}},"loc":{"start":{"line":35,"column":27},"end":{"line":37,"column":1}},"line":35},"1":{"name":"(anonymous_1)","decl":{"start":{"line":40,"column":8},"end":{"line":40,"column":9}},"loc":{"start":{"line":40,"column":22},"end":{"line":42,"column":1}},"line":40},"2":{"name":"(anonymous_2)","decl":{"start":{"line":45,"column":8},"end":{"line":45,"column":9}},"loc":{"start":{"line":45,"column":33},"end":{"line":48,"column":1}},"line":45},"3":{"name":"(anonymous_3)","decl":{"start":{"line":51,"column":32},"end":{"line":51,"column":33}},"loc":{"start":{"line":51,"column":38},"end":{"line":51,"column":83}},"line":51},"4":{"name":"(anonymous_4)","decl":{"start":{"line":54,"column":18},"end":{"line":54,"column":19}},"loc":{"start":{"line":54,"column":41},"end":{"line":67,"column":1}},"line":54},"5":{"name":"(anonymous_5)","decl":{"start":{"line":61,"column":17},"end":{"line":61,"column":18}},"loc":{"start":{"line":61,"column":23},"end":{"line":61,"column":45}},"line":61},"6":{"name":"(anonymous_6)","decl":{"start":{"line":72,"column":22},"end":{"line":72,"column":23}},"loc":{"start":{"line":72,"column":28},"end":{"line":80,"column":1}},"line":72},"7":{"name":"(anonymous_7)","decl":{"start":{"line":74,"column":15},"end":{"line":74,"column":16}},"loc":{"start":{"line":74,"column":21},"end":{"line":79,"column":3}},"line":74},"8":{"name":"(anonymous_8)","decl":{"start":{"line":75,"column":37},"end":{"line":75,"column":38}},"loc":{"start":{"line":75,"column":43},"end":{"line":78,"column":5}},"line":75},"9":{"name":"(anonymous_9)","decl":{"start":{"line":83,"column":33},"end":{"line":83,"column":34}},"loc":{"start":{"line":83,"column":42},"end":{"line":86,"column":1}},"line":83},"10":{"name":"(anonymous_10)","decl":{"start":{"line":85,"column":15},"end":{"line":85,"column":16}},"loc":{"start":{"line":85,"column":21},"end":{"line":85,"column":36}},"line":85}},"branchMap":{"0":{"loc":{"start":{"line":14,"column":0},"end":{"line":17,"column":1}},"type":"if","locations":[{"start":{"line":14,"column":0},"end":{"line":17,"column":1}},{"start":{},"end":{}}],"line":14},"1":{"loc":{"start":{"line":50,"column":13},"end":{"line":50,"column":37}},"type":"binary-expr","locations":[{"start":{"line":50,"column":13},"end":{"line":50,"column":29}},{"start":{"line":50,"column":33},"end":{"line":50,"column":37}}],"line":50},"2":{"loc":{"start":{"line":54,"column":25},"end":{"line":54,"column":36}},"type":"default-arg","locations":[{"start":{"line":54,"column":35},"end":{"line":54,"column":36}}],"line":54},"3":{"loc":{"start":{"line":59,"column":4},"end":{"line":65,"column":5}},"type":"if","locations":[{"start":{"line":59,"column":4},"end":{"line":65,"column":5}},{"start":{"line":62,"column":11},"end":{"line":65,"column":5}}],"line":59}},"s":{"0":1,"1":1,"2":1,"3":1,"4":1,"5":1,"6":1,"7":1,"8":1,"9":1,"10":1,"11":0,"12":0,"13":1,"14":1,"15":1,"16":1,"17":1,"18":1,"19":1,"20":1,"21":1,"22":1,"23":0,"24":1,"25":0,"26":1,"27":0,"28":0,"29":1,"30":1,"31":0,"32":1,"33":1,"34":1,"35":1,"36":0,"37":0,"38":0,"39":0,"40":0,"41":0,"42":1,"43":1,"44":0,"45":0,"46":0,"47":0,"48":0,"49":1,"50":0,"51":0,"52":0},"f":{"0":0,"1":0,"2":0,"3":0,"4":1,"5":0,"6":0,"7":0,"8":0,"9":0,"10":0},"b":{"0":[0,1],"1":[1,0],"2":[1],"3":[0,0]},"_coverageSchema":"1a1c01bbd47fc00a2c39e90264f33305004495a9","hash":"75051abb7c276cb4a936a40492163309b8c91249"}
,"C:\\Users\\Sine\\Documents\\alu s\\mini-api\\controllers\\categoryController.js": {"path":"C:\\Users\\Sine\\Documents\\alu s\\mini-api\\controllers\\categoryController.js","statementMap":{"0":{"start":{"line":1,"column":17},"end":{"line":1,"column":46}},"1":{"start":{"line":4,"column":0},"end":{"line":16,"column":2}},"2":{"start":{"line":5,"column":2},"end":{"line":15,"column":3}},"3":{"start":{"line":6,"column":34},"end":{"line":6,"column":42}},"4":{"start":{"line":7,"column":4},"end":{"line":7,"column":76}},"5":{"start":{"line":7,"column":15},"end":{"line":7,"column":76}},"6":{"start":{"line":8,"column":19},"end":{"line":8,"column":51}},"7":{"start":{"line":9,"column":4},"end":{"line":9,"column":84}},"8":{"start":{"line":9,"column":16},"end":{"line":9,"column":84}},"9":{"start":{"line":10,"column":21},"end":{"line":10,"column":56}},"10":{"start":{"line":11,"column":4},"end":{"line":11,"column":26}},"11":{"start":{"line":12,"column":4},"end":{"line":12,"column":35}},"12":{"start":{"line":14,"column":4},"end":{"line":14,"column":74}},"13":{"start":{"line":19,"column":0},"end":{"line":26,"column":2}},"14":{"start":{"line":20,"column":2},"end":{"line":25,"column":3}},"15":{"start":{"line":21,"column":23},"end":{"line":21,"column":44}},"16":{"start":{"line":22,"column":4},"end":{"line":22,"column":25}},"17":{"start":{"line":24,"column":4},"end":{"line":24,"column":74}},"18":{"start":{"line":29,"column":0},"end":{"line":37,"column":2}},"19":{"start":{"line":30,"column":2},"end":{"line":36,"column":3}},"20":{"start":{"line":31,"column":21},"end":{"line":31,"column":59}},"21":{"start":{"line":32,"column":4},"end":{"line":32,"column":82}},"22":{"start":{"line":32,"column":19},"end":{"line":32,"column":82}},"23":{"start":{"line":33,"column":4},"end":{"line":33,"column":23}},"24":{"start":{"line":35,"column":4},"end":{"line":35,"column":74}},"25":{"start":{"line":40,"column":0},"end":{"line":54,"column":2}},"26":{"start":{"line":41,"column":2},"end":{"line":53,"column":3}},"27":{"start":{"line":42,"column":34},"end":{"line":42,"column":42}},"28":{"start":{"line":43,"column":4},"end":{"line":43,"column":76}},"29":{"start":{"line":43,"column":15},"end":{"line":43,"column":76}},"30":{"start":{"line":44,"column":21},"end":{"line":48,"column":5}},"31":{"start":{"line":49,"column":4},"end":{"line":49,"column":82}},"32":{"start":{"line":49,"column":19},"end":{"line":49,"column":82}},"33":{"start":{"line":50,"column":4},"end":{"line":50,"column":23}},"34":{"start":{"line":52,"column":4},"end":{"line":52,"column":74}},"35":{"start":{"line":57,"column":0},"end":{"line":65,"column":2}},"36":{"start":{"line":58,"column":2},"end":{"line":64,"column":3}},"37":{"start":{"line":59,"column":21},"end":{"line":59,"column":68}},"38":{"start":{"line":60,"column":4},"end":{"line":60,"column":82}},"39":{"start":{"line":60,"column":19},"end":{"line":60,"column":82}},"40":{"start":{"line":61,"column":4},"end":{"line":61,"column":46}},"41":{"start":{"line":63,"column":4},"end":{"line":63,"column":74}}},"fnMap":{"0":{"name":"(anonymous_0)","decl":{"start":{"line":4,"column":25},"end":{"line":4,"column":26}},"loc":{"start":{"line":4,"column":45},"end":{"line":16,"column":1}},"line":4},"1":{"name":"(anonymous_1)","decl":{"start":{"line":19,"column":24},"end":{"line":19,"column":25}},"loc":{"start":{"line":19,"column":44},"end":{"line":26,"column":1}},"line":19},"2":{"name":"(anonymous_2)","decl":{"start":{"line":29,"column":26},"end":{"line":29,"column":27}},"loc":{"start":{"line":29,"column":46},"end":{"line":37,"column":1}},"line":29},"3":{"name":"(anonymous_3)","decl":{"start":{"line":40,"column":25},"end":{"line":40,"column":26}},"loc":{"start":{"line":40,"column":45},"end":{"line":54,"column":1}},"line":40},"4":{"name":"(anonymous_4)","decl":{"start":{"line":57,"column":25},"end":{"line":57,"column":26}},"loc":{"start":{"line":57,"column":45},"end":{"line":65,"column":1}},"line":57}},"branchMap":{"0":{"loc":{"start":{"line":7,"column":4},"end":{"line":7,"column":76}},"type":"if","locations":[{"start":{"line":7,"column":4},"end":{"line":7,"column":76}},{"start":{},"end":{}}],"line":7},"1":{"loc":{"start":{"line":9,"column":4},"end":{"line":9,"column":84}},"type":"if","locations":[{"start":{"line":9,"column":4},"end":{"line":9,"column":84}},{"start":{},"end":{}}],"line":9},"2":{"loc":{"start":{"line":32,"column":4},"end":{"line":32,"column":82}},"type":"if","locations":[{"start":{"line":32,"column":4},"end":{"line":32,"column":82}},{"start":{},"end":{}}],"line":32},"3":{"loc":{"start":{"line":43,"column":4},"end":{"line":43,"column":76}},"type":"if","locations":[{"start":{"line":43,"column":4},"end":{"line":43,"column":76}},{"start":{},"end":{}}],"line":43},"4":{"loc":{"start":{"line":49,"column":4},"end":{"line":49,"column":82}},"type":"if","locations":[{"start":{"line":49,"column":4},"end":{"line":49,"column":82}},{"start":{},"end":{}}],"line":49},"5":{"loc":{"start":{"line":60,"column":4},"end":{"line":60,"column":82}},"type":"if","locations":[{"start":{"line":60,"column":4},"end":{"line":60,"column":82}},{"start":{},"end":{}}],"line":60}},"s":{"0":1,"1":1,"2":0,"3":0,"4":0,"5":0,"6":0,"7":0,"8":0,"9":0,"10":0,"11":0,"12":0,"13":1,"14":0,"15":0,"16":0,"17":0,"18":1,"19":0,"20":0,"21":0,"22":0,"23":0,"24":0,"25":1,"26":0,"27":0,"28":0,"29":0,"30":0,"31":0,"32":0,"33":0,"34":0,"35":1,"36":0,"37":0,"38":0,"39":0,"40":0,"41":0},"f":{"0":0,"1":0,"2":0,"3":0,"4":0},"b":{"0":[0,0],"1":[0,0],"2":[0,0],"3":[0,0],"4":[0,0],"5":[0,0]},"_coverageSchema":"1a1c01bbd47fc00a2c39e90264f33305004495a9","hash":"df3c14f0c811e81a081a5140621d7054c6b1e688"}
,"C:\\Users\\Sine\\Documents\\alu s\\mini-api\\controllers\\productController.js": {"path":"C:\\Users\\Sine\\Documents\\alu s\\mini-api\\controllers\\productController.js","statementMap":{"0":{"start":{"line":1,"column":16},"end":{"line":1,"column":44}},"1":{"start":{"line":2,"column":17},"end":{"line":2,"column":46}},"2":{"start":{"line":3,"column":17},"end":{"line":3,"column":36}},"3":{"start":{"line":6,"column":0},"end":{"line":19,"column":2}},"4":{"start":{"line":7,"column":2},"end":{"line":18,"column":3}},"5":{"start":{"line":8,"column":82},"end":{"line":8,"column":90}},"6":{"start":{"line":9,"column":4},"end":{"line":9,"column":97}},"7":{"start":{"line":9,"column":25},"end":{"line":9,"column":97}},"8":{"start":{"line":10,"column":4},"end":{"line":12,"column":5}},"9":{"start":{"line":11,"column":6},"end":{"line":11,"column":70}},"10":{"start":{"line":13,"column":20},"end":{"line":13,"column":102}},"11":{"start":{"line":14,"column":4},"end":{"line":14,"column":25}},"12":{"start":{"line":15,"column":4},"end":{"line":15,"column":34}},"13":{"start":{"line":17,"column":4},"end":{"line":17,"column":74}},"14":{"start":{"line":22,"column":0},"end":{"line":43,"column":2}},"15":{"start":{"line":23,"column":2},"end":{"line":42,"column":3}},"16":{"start":{"line":24,"column":91},"end":{"line":24,"column":100}},"17":{"start":{"line":25,"column":19},"end":{"line":25,"column":21}},"18":{"start":{"line":26,"column":4},"end":{"line":26,"column":60}},"19":{"start":{"line":26,"column":14},"end":{"line":26,"column":60}},"20":{"start":{"line":27,"column":4},"end":{"line":27,"column":90}},"21":{"start":{"line":27,"column":63},"end":{"line":27,"column":90}},"22":{"start":{"line":28,"column":4},"end":{"line":28,"column":77}},"23":{"start":{"line":28,"column":18},"end":{"line":28,"column":77}},"24":{"start":{"line":29,"column":4},"end":{"line":29,"column":77}},"25":{"start":{"line":29,"column":18},"end":{"line":29,"column":77}},"26":{"start":{"line":30,"column":4},"end":{"line":34,"column":5}},"27":{"start":{"line":31,"column":6},"end":{"line":31,"column":28}},"28":{"start":{"line":32,"column":6},"end":{"line":32,"column":63}},"29":{"start":{"line":32,"column":20},"end":{"line":32,"column":63}},"30":{"start":{"line":33,"column":6},"end":{"line":33,"column":59}},"31":{"start":{"line":33,"column":18},"end":{"line":33,"column":59}},"32":{"start":{"line":35,"column":21},"end":{"line":38,"column":27}},"33":{"start":{"line":39,"column":4},"end":{"line":39,"column":23}},"34":{"start":{"line":41,"column":4},"end":{"line":41,"column":74}},"35":{"start":{"line":46,"column":0},"end":{"line":54,"column":2}},"36":{"start":{"line":47,"column":2},"end":{"line":53,"column":3}},"37":{"start":{"line":48,"column":20},"end":{"line":48,"column":78}},"38":{"start":{"line":49,"column":4},"end":{"line":49,"column":80}},"39":{"start":{"line":49,"column":18},"end":{"line":49,"column":80}},"40":{"start":{"line":50,"column":4},"end":{"line":50,"column":22}},"41":{"start":{"line":52,"column":4},"end":{"line":52,"column":74}},"42":{"start":{"line":57,"column":0},"end":{"line":73,"column":2}},"43":{"start":{"line":58,"column":2},"end":{"line":72,"column":3}},"44":{"start":{"line":59,"column":82},"end":{"line":59,"column":90}},"45":{"start":{"line":60,"column":4},"end":{"line":62,"column":5}},"46":{"start":{"line":61,"column":6},"end":{"line":61,"column":70}},"47":{"start":{"line":63,"column":20},"end":{"line":67,"column":5}},"48":{"start":{"line":68,"column":4},"end":{"line":68,"column":80}},"49":{"start":{"line":68,"column":18},"end":{"line":68,"column":80}},"50":{"start":{"line":69,"column":4},"end":{"line":69,"column":22}},"51":{"start":{"line":71,"column":4},"end":{"line":71,"column":74}},"52":{"start":{"line":76,"column":0},"end":{"line":84,"column":2}},"53":{"start":{"line":77,"column":2},"end":{"line":83,"column":3}},"54":{"start":{"line":78,"column":20},"end":{"line":78,"column":66}},"55":{"start":{"line":79,"column":4},"end":{"line":79,"column":80}},"56":{"start":{"line":79,"column":18},"end":{"line":79,"column":80}},"57":{"start":{"line":80,"column":4},"end":{"line":80,"column":45}},"58":{"start":{"line":82,"column":4},"end":{"line":82,"column":74}},"59":{"start":{"line":87,"column":0},"end":{"line":99,"column":2}},"60":{"start":{"line":88,"column":2},"end":{"line":98,"column":3}},"61":{"start":{"line":89,"column":29},"end":{"line":94,"column":27}},"62":{"start":{"line":95,"column":4},"end":{"line":95,"column":31}},"63":{"start":{"line":97,"column":4},"end":{"line":97,"column":74}}},"fnMap":{"0":{"name":"(anonymous_0)","decl":{"start":{"line":6,"column":24},"end":{"line":6,"column":25}},"loc":{"start":{"line":6,"column":44},"end":{"line":19,"column":1}},"line":6},"1":{"name":"(anonymous_1)","decl":{"start":{"line":22,"column":22},"end":{"line":22,"column":23}},"loc":{"start":{"line":22,"column":42},"end":{"line":43,"column":1}},"line":22},"2":{"name":"(anonymous_2)","decl":{"start":{"line":46,"column":25},"end":{"line":46,"column":26}},"loc":{"start":{"line":46,"column":45},"end":{"line":54,"column":1}},"line":46},"3":{"name":"(anonymous_3)","decl":{"start":{"line":57,"column":24},"end":{"line":57,"column":25}},"loc":{"start":{"line":57,"column":44},"end":{"line":73,"column":1}},"line":57},"4":{"name":"(anonymous_4)","decl":{"start":{"line":76,"column":24},"end":{"line":76,"column":25}},"loc":{"start":{"line":76,"column":44},"end":{"line":84,"column":1}},"line":76},"5":{"name":"(anonymous_5)","decl":{"start":{"line":87,"column":30},"end":{"line":87,"column":31}},"loc":{"start":{"line":87,"column":50},"end":{"line":99,"column":1}},"line":87}},"branchMap":{"0":{"loc":{"start":{"line":9,"column":4},"end":{"line":9,"column":97}},"type":"if","locations":[{"start":{"line":9,"column":4},"end":{"line":9,"column":97}},{"start":{},"end":{}}],"line":9},"1":{"loc":{"start":{"line":9,"column":8},"end":{"line":9,"column":23}},"type":"binary-expr","locations":[{"start":{"line":9,"column":8},"end":{"line":9,"column":13}},{"start":{"line":9,"column":17},"end":{"line":9,"column":23}}],"line":9},"2":{"loc":{"start":{"line":10,"column":4},"end":{"line":12,"column":5}},"type":"if","locations":[{"start":{"line":10,"column":4},"end":{"line":12,"column":5}},{"start":{},"end":{}}],"line":10},"3":{"loc":{"start":{"line":10,"column":8},"end":{"line":10,"column":62}},"type":"binary-expr","locations":[{"start":{"line":10,"column":8},"end":{"line":10,"column":16}},{"start":{"line":10,"column":20},"end":{"line":10,"column":62}}],"line":10},"4":{"loc":{"start":{"line":24,"column":66},"end":{"line":24,"column":74}},"type":"default-arg","locations":[{"start":{"line":24,"column":73},"end":{"line":24,"column":74}}],"line":24},"5":{"loc":{"start":{"line":24,"column":76},"end":{"line":24,"column":86}},"type":"default-arg","locations":[{"start":{"line":24,"column":84},"end":{"line":24,"column":86}}],"line":24},"6":{"loc":{"start":{"line":26,"column":4},"end":{"line":26,"column":60}},"type":"if","locations":[{"start":{"line":26,"column":4},"end":{"line":26,"column":60}},{"start":{},"end":{}}],"line":26},"7":{"loc":{"start":{"line":27,"column":4},"end":{"line":27,"column":90}},"type":"if","locations":[{"start":{"line":27,"column":4},"end":{"line":27,"column":90}},{"start":{},"end":{}}],"line":27},"8":{"loc":{"start":{"line":27,"column":8},"end":{"line":27,"column":61}},"type":"binary-expr","locations":[{"start":{"line":27,"column":8},"end":{"line":27,"column":16}},{"start":{"line":27,"column":20},"end":{"line":27,"column":61}}],"line":27},"9":{"loc":{"start":{"line":28,"column":4},"end":{"line":28,"column":77}},"type":"if","locations":[{"start":{"line":28,"column":4},"end":{"line":28,"column":77}},{"start":{},"end":{}}],"line":28},"10":{"loc":{"start":{"line":29,"column":4},"end":{"line":29,"column":77}},"type":"if","locations":[{"start":{"line":29,"column":4},"end":{"line":29,"column":77}},{"start":{},"end":{}}],"line":29},"11":{"loc":{"start":{"line":30,"column":4},"end":{"line":34,"column":5}},"type":"if","locations":[{"start":{"line":30,"column":4},"end":{"line":34,"column":5}},{"start":{},"end":{}}],"line":30},"12":{"loc":{"start":{"line":30,"column":8},"end":{"line":30,"column":26}},"type":"binary-expr","locations":[{"start":{"line":30,"column":8},"end":{"line":30,"column":16}},{"start":{"line":30,"column":20},"end":{"line":30,"column":26}}],"line":30},"13":{"loc":{"start":{"line":32,"column":6},"end":{"line":32,"column":63}},"type":"if","locations":[{"start":{"line":32,"column":6},"end":{"line":32,"column":63}},{"start":{},"end":{}}],"line":32},"14":{"loc":{"start":{"line":33,"column":6},"end":{"line":33,"column":59}},"type":"if","locations":[{"start":{"line":33,"column":6},"end":{"line":33,"column":59}},{"start":{},"end":{}}],"line":33},"15":{"loc":{"start":{"line":49,"column":4},"end":{"line":49,"column":80}},"type":"if","locations":[{"start":{"line":49,"column":4},"end":{"line":49,"column":80}},{"start":{},"end":{}}],"line":49},"16":{"loc":{"start":{"line":60,"column":4},"end":{"line":62,"column":5}},"type":"if","locations":[{"start":{"line":60,"column":4},"end":{"line":62,"column":5}},{"start":{},"end":{}}],"line":60},"17":{"loc":{"start":{"line":60,"column":8},"end":{"line":60,"column":62}},"type":"binary-expr","locations":[{"start":{"line":60,"column":8},"end":{"line":60,"column":16}},{"start":{"line":60,"column":20},"end":{"line":60,"column":62}}],"line":60},"18":{"loc":{"start":{"line":68,"column":4},"end":{"line":68,"column":80}},"type":"if","locations":[{"start":{"line":68,"column":4},"end":{"line":68,"column":80}},{"start":{},"end":{}}],"line":68},"19":{"loc":{"start":{"line":79,"column":4},"end":{"line":79,"column":80}},"type":"if","locations":[{"start":{"line":79,"column":4},"end":{"line":79,"column":80}},{"start":{},"end":{}}],"line":79}},"s":{"0":1,"1":1,"2":1,"3":1,"4":0,"5":0,"6":0,"7":0,"8":0,"9":0,"10":0,"11":0,"12":0,"13":0,"14":1,"15":0,"16":0,"17":0,"18":0,"19":0,"20":0,"21":0,"22":0,"23":0,"24":0,"25":0,"26":0,"27":0,"28":0,"29":0,"30":0,"31":0,"32":0,"33":0,"34":0,"35":1,"36":0,"37":0,"38":0,"39":0,"40":0,"41":0,"42":1,"43":0,"44":0,"45":0,"46":0,"47":0,"48":0,"49":0,"50":0,"51":0,"52":1,"53":0,"54":0,"55":0,"56":0,"57":0,"58":0,"59":1,"60":0,"61":0,"62":0,"63":0},"f":{"0":0,"1":0,"2":0,"3":0,"4":0,"5":0},"b":{"0":[0,0],"1":[0,0],"2":[0,0],"3":[0,0],"4":[0],"5":[0],"6":[0,0],"7":[0,0],"8":[0,0],"9":[0,0],"10":[0,0],"11":[0,0],"12":[0,0],"13":[0,0],"14":[0,0],"15":[0,0],"16":[0,0],"17":[0,0],"18":[0,0],"19":[0,0]},"_coverageSchema":"1a1c01bbd47fc00a2c39e90264f33305004495a9","hash":"fdfc2f5608c02c603737aac2093422f6a14597b3"}
,"C:\\Users\\Sine\\Documents\\alu s\\mini-api\\middlewares\\validateCategory.js": {"path":"C:\\Users\\Sine\\Documents\\alu s\\mini-api\\middlewares\\validateCategory.js","statementMap":{"0":{"start":{"line":1,"column":12},"end":{"line":1,"column":26}},"1":{"start":{"line":3,"column":23},"end":{"line":6,"column":2}},"2":{"start":{"line":8,"column":0},"end":{"line":14,"column":2}},"3":{"start":{"line":9,"column":20},"end":{"line":9,"column":53}},"4":{"start":{"line":10,"column":2},"end":{"line":12,"column":3}},"5":{"start":{"line":11,"column":4},"end":{"line":11,"column":89}},"6":{"start":{"line":13,"column":2},"end":{"line":13,"column":9}}},"fnMap":{"0":{"name":"(anonymous_0)","decl":{"start":{"line":8,"column":17},"end":{"line":8,"column":18}},"loc":{"start":{"line":8,"column":37},"end":{"line":14,"column":1}},"line":8}},"branchMap":{"0":{"loc":{"start":{"line":10,"column":2},"end":{"line":12,"column":3}},"type":"if","locations":[{"start":{"line":10,"column":2},"end":{"line":12,"column":3}},{"start":{},"end":{}}],"line":10}},"s":{"0":1,"1":1,"2":1,"3":0,"4":0,"5":0,"6":0},"f":{"0":0},"b":{"0":[0,0]},"_coverageSchema":"1a1c01bbd47fc00a2c39e90264f33305004495a9","hash":"af45edc40c982a7e211e33dae7a5d4ad3ad126ed"}
,"C:\\Users\\Sine\\Documents\\alu s\\mini-api\\middlewares\\validateProduct.js": {"path":"C:\\Users\\Sine\\Documents\\alu s\\mini-api\\middlewares\\validateProduct.js","statementMap":{"0":{"start":{"line":1,"column":12},"end":{"line":1,"column":26}},"1":{"start":{"line":3,"column":22},"end":{"line":7,"column":2}},"2":{"start":{"line":9,"column":22},"end":{"line":17,"column":2}},"3":{"start":{"line":19,"column":0},"end":{"line":25,"column":2}},"4":{"start":{"line":20,"column":20},"end":{"line":20,"column":52}},"5":{"start":{"line":21,"column":2},"end":{"line":23,"column":3}},"6":{"start":{"line":22,"column":4},"end":{"line":22,"column":89}},"7":{"start":{"line":24,"column":2},"end":{"line":24,"column":9}}},"fnMap":{"0":{"name":"(anonymous_0)","decl":{"start":{"line":19,"column":17},"end":{"line":19,"column":18}},"loc":{"start":{"line":19,"column":37},"end":{"line":25,"column":1}},"line":19}},"branchMap":{"0":{"loc":{"start":{"line":21,"column":2},"end":{"line":23,"column":3}},"type":"if","locations":[{"start":{"line":21,"column":2},"end":{"line":23,"column":3}},{"start":{},"end":{}}],"line":21}},"s":{"0":1,"1":1,"2":1,"3":1,"4":0,"5":0,"6":0,"7":0},"f":{"0":0},"b":{"0":[0,0]},"_coverageSchema":"1a1c01bbd47fc00a2c39e90264f33305004495a9","hash":"892aa3a1a31d9ee692e60d8930abbc33beb1d6bc"}
,"C:\\Users\\Sine\\Documents\\alu s\\mini-api\\models\\Category.js": {"path":"C:\\Users\\Sine\\Documents\\alu s\\mini-api\\models\\Category.js","statementMap":{"0":{"start":{"line":1,"column":17},"end":{"line":1,"column":36}},"1":{"start":{"line":3,"column":23},"end":{"line":6,"column":24}},"2":{"start":{"line":8,"column":0},"end":{"line":8,"column":60}}},"fnMap":{},"branchMap":{},"s":{"0":1,"1":1,"2":1},"f":{},"b":{},"_coverageSchema":"1a1c01bbd47fc00a2c39e90264f33305004495a9","hash":"213a531bc9a840d6e4d068f6fb6fd0cc526ad3ab"}
,"C:\\Users\\Sine\\Documents\\alu s\\mini-api\\models\\Product.js": {"path":"C:\\Users\\Sine\\Documents\\alu s\\mini-api\\models\\Product.js","statementMap":{"0":{"start":{"line":1,"column":17},"end":{"line":1,"column":36}},"1":{"start":{"line":3,"column":22},"end":{"line":7,"column":2}},"2":{"start":{"line":9,"column":22},"end":{"line":17,"column":24}},"3":{"start":{"line":19,"column":0},"end":{"line":19,"column":58}}},"fnMap":{},"branchMap":{},"s":{"0":1,"1":1,"2":1,"3":1},"f":{},"b":{},"_coverageSchema":"1a1c01bbd47fc00a2c39e90264f33305004495a9","hash":"b4cb688325c4dc18de63ec5f1708f89a8f99cd12"}
,"C:\\Users\\Sine\\Documents\\alu s\\mini-api\\routes\\categoryRoutes.js": {"path":"C:\\Users\\Sine\\Documents\\alu s\\mini-api\\routes\\categoryRoutes.js","statementMap":{"0":{"start":{"line":1,"column":16},"end":{"line":1,"column":34}},"1":{"start":{"line":2,"column":15},"end":{"line":2,"column":31}},"2":{"start":{"line":3,"column":27},"end":{"line":3,"column":71}},"3":{"start":{"line":4,"column":25},"end":{"line":4,"column":67}},"4":{"start":{"line":7,"column":0},"end":{"line":7,"column":70}},"5":{"start":{"line":9,"column":0},"end":{"line":9,"column":50}},"6":{"start":{"line":11,"column":0},"end":{"line":11,"column":55}},"7":{"start":{"line":13,"column":0},"end":{"line":13,"column":72}},"8":{"start":{"line":15,"column":0},"end":{"line":15,"column":57}},"9":{"start":{"line":17,"column":0},"end":{"line":17,"column":24}}},"fnMap":{},"branchMap":{},"s":{"0":1,"1":1,"2":1,"3":1,"4":1,"5":1,"6":1,"7":1,"8":1,"9":1},"f":{},"b":{},"_coverageSchema":"1a1c01bbd47fc00a2c39e90264f33305004495a9","hash":"240659ad7ac86d7a0216253855289d405ded8099"}
,"C:\\Users\\Sine\\Documents\\alu s\\mini-api\\routes\\productRoutes.js": {"path":"C:\\Users\\Sine\\Documents\\alu s\\mini-api\\routes\\productRoutes.js","statementMap":{"0":{"start":{"line":1,"column":16},"end":{"line":1,"column":34}},"1":{"start":{"line":2,"column":15},"end":{"line":2,"column":31}},"2":{"start":{"line":3,"column":26},"end":{"line":3,"column":69}},"3":{"start":{"line":4,"column":24},"end":{"line":4,"column":65}},"4":{"start":{"line":7,"column":0},"end":{"line":7,"column":67}},"5":{"start":{"line":9,"column":0},"end":{"line":9,"column":47}},"6":{"start":{"line":11,"column":0},"end":{"line":11,"column":53}},"7":{"start":{"line":13,"column":0},"end":{"line":13,"column":69}},"8":{"start":{"line":15,"column":0},"end":{"line":15,"column":55}},"9":{"start":{"line":17,"column":0},"end":{"line":17,"column":71}},"10":{"start":{"line":19,"column":0},"end":{"line":19,"column":24}}},"fnMap":{},"branchMap":{},"s":{"0":1,"1":1,"2":1,"3":1,"4":1,"5":1,"6":1,"7":1,"8":1,"9":1,"10":1},"f":{},"b":{},"_coverageSchema":"1a1c01bbd47fc00a2c39e90264f33305004495a9","hash":"ab941ed824c10a392b6da8e4fb9f08e216fbfeb1"}
,"C:\\Users\\Sine\\Documents\\alu s\\mini-api\\tests\\utils\\testSetup.js": {"path":"C:\\Users\\Sine\\Documents\\alu s\\mini-api\\tests\\utils\\testSetup.js","statementMap":{"0":{"start":{"line":1,"column":17},"end":{"line":1,"column":36}},"1":{"start":{"line":2,"column":30},"end":{"line":2,"column":62}},"2":{"start":{"line":6,"column":18},"end":{"line":34,"column":1}},"3":{"start":{"line":8,"column":4},"end":{"line":8,"column":51}},"4":{"start":{"line":9,"column":21},"end":{"line":9,"column":41}},"5":{"start":{"line":10,"column":4},"end":{"line":10,"column":37}},"6":{"start":{"line":14,"column":4},"end":{"line":14,"column":32}},"7":{"start":{"line":15,"column":4},"end":{"line":15,"column":29}},"8":{"start":{"line":19,"column":4},"end":{"line":22,"column":7}},"9":{"start":{"line":26,"column":4},"end":{"line":32,"column":7}},"10":{"start":{"line":36,"column":0},"end":{"line":36,"column":27}}},"fnMap":{"0":{"name":"(anonymous_0)","decl":{"start":{"line":7,"column":15},"end":{"line":7,"column":16}},"loc":{"start":{"line":7,"column":27},"end":{"line":11,"column":3}},"line":7},"1":{"name":"(anonymous_1)","decl":{"start":{"line":13,"column":18},"end":{"line":13,"column":19}},"loc":{"start":{"line":13,"column":30},"end":{"line":16,"column":3}},"line":13},"2":{"name":"(anonymous_2)","decl":{"start":{"line":18,"column":24},"end":{"line":18,"column":25}},"loc":{"start":{"line":18,"column":44},"end":{"line":23,"column":3}},"line":18},"3":{"name":"(anonymous_3)","decl":{"start":{"line":25,"column":23},"end":{"line":25,"column":24}},"loc":{"start":{"line":25,"column":54},"end":{"line":33,"column":3}},"line":25}},"branchMap":{},"s":{"0":1,"1":1,"2":1,"3":1,"4":0,"5":0,"6":1,"7":1,"8":0,"9":0,"10":1},"f":{"0":1,"1":1,"2":0,"3":0},"b":{},"_coverageSchema":"1a1c01bbd47fc00a2c39e90264f33305004495a9","hash":"5c93d19a4a18204dcf6f59d92379b95266968655"}
}
